<?xml version="1.0" encoding="UTF-8"?>
<testsuite xmlns:xsi="http://www.w3.org/2001/XMLSchema-instance" xsi:noNamespaceSchemaLocation="https://maven.apache.org/surefire/maven-surefire-plugin/xsd/surefire-test-report-3.0.xsd" version="3.0" name="georgekalo.LRUCacheTest" time="0.068" tests="6" errors="0" skipped="0" failures="0">
  <properties>
    <property name="java.specification.version" value="20"/>
    <property name="sun.cpu.isalist" value="amd64"/>
    <property name="sun.jnu.encoding" value="UTF-8"/>
    <property name="java.class.path" value="C:\Users\georgekalo\Desktop\ΣΧΟΛΗ\ΔΟΜΕΣ ΔΕΔΟΜΕΝΩΝ\LRU_Cache_Project_Team_93\data_struct\target\test-classes;C:\Users\georgekalo\Desktop\ΣΧΟΛΗ\ΔΟΜΕΣ ΔΕΔΟΜΕΝΩΝ\LRU_Cache_Project_Team_93\data_struct\target\classes;C:\Users\georgekalo\.m2\repository\junit\junit\4.13.2\junit-4.13.2.jar;C:\Users\georgekalo\.m2\repository\org\hamcrest\hamcrest-core\1.3\hamcrest-core-1.3.jar;"/>
    <property name="java.vm.vendor" value="Oracle Corporation"/>
    <property name="sun.arch.data.model" value="64"/>
    <property name="user.variant" value=""/>
    <property name="java.vendor.url" value="https://java.oracle.com/"/>
    <property name="user.timezone" value="Europe/Bucharest"/>
    <property name="os.name" value="Windows 11"/>
    <property name="java.vm.specification.version" value="20"/>
    <property name="sun.java.launcher" value="SUN_STANDARD"/>
    <property name="user.country" value="US"/>
    <property name="sun.boot.library.path" value="C:\Program Files\Java\jdk-20\bin"/>
    <property name="sun.java.command" value="C:\Users\georgekalo\AppData\Local\Temp\surefire5302483547524472505\surefirebooter-20250112200425572_3.jar C:\Users\georgekalo\AppData\Local\Temp\surefire5302483547524472505 2025-01-12T20-04-25_413-jvmRun1 surefire-20250112200425572_1tmp surefire_0-20250112200425572_2tmp"/>
    <property name="jdk.debug" value="release"/>
    <property name="surefire.test.class.path" value="C:\Users\georgekalo\Desktop\ΣΧΟΛΗ\ΔΟΜΕΣ ΔΕΔΟΜΕΝΩΝ\LRU_Cache_Project_Team_93\data_struct\target\test-classes;C:\Users\georgekalo\Desktop\ΣΧΟΛΗ\ΔΟΜΕΣ ΔΕΔΟΜΕΝΩΝ\LRU_Cache_Project_Team_93\data_struct\target\classes;C:\Users\georgekalo\.m2\repository\junit\junit\4.13.2\junit-4.13.2.jar;C:\Users\georgekalo\.m2\repository\org\hamcrest\hamcrest-core\1.3\hamcrest-core-1.3.jar;"/>
    <property name="sun.cpu.endian" value="little"/>
    <property name="user.home" value="C:\Users\georgekalo"/>
    <property name="user.language" value="en"/>
    <property name="java.specification.vendor" value="Oracle Corporation"/>
    <property name="java.version.date" value="2023-04-18"/>
    <property name="java.home" value="C:\Program Files\Java\jdk-20"/>
    <property name="file.separator" value="\"/>
    <property name="basedir" value="C:\Users\georgekalo\Desktop\ΣΧΟΛΗ\ΔΟΜΕΣ ΔΕΔΟΜΕΝΩΝ\LRU_Cache_Project_Team_93\data_struct"/>
    <property name="java.vm.compressedOopsMode" value="Zero based"/>
    <property name="line.separator" value="&#10;"/>
    <property name="java.vm.specification.vendor" value="Oracle Corporation"/>
    <property name="java.specification.name" value="Java Platform API Specification"/>
    <property name="surefire.real.class.path" value="C:\Users\georgekalo\AppData\Local\Temp\surefire5302483547524472505\surefirebooter-20250112200425572_3.jar"/>
    <property name="user.script" value=""/>
    <property name="sun.management.compiler" value="HotSpot 64-Bit Tiered Compilers"/>
    <property name="java.runtime.version" value="20.0.1+9-29"/>
    <property name="user.name" value="georgekalo"/>
    <property name="stdout.encoding" value="UTF-8"/>
    <property name="path.separator" value=";"/>
    <property name="os.version" value="10.0"/>
    <property name="java.runtime.name" value="Java(TM) SE Runtime Environment"/>
    <property name="file.encoding" value="UTF-8"/>
    <property name="java.vm.name" value="Java HotSpot(TM) 64-Bit Server VM"/>
    <property name="localRepository" value="C:\Users\georgekalo\.m2\repository"/>
    <property name="java.vendor.url.bug" value="https://bugreport.java.com/bugreport/"/>
    <property name="java.io.tmpdir" value="C:\Users\GEORGE~1\AppData\Local\Temp\"/>
    <property name="java.version" value="20.0.1"/>
    <property name="user.dir" value="C:\Users\georgekalo\Desktop\ΣΧΟΛΗ\ΔΟΜΕΣ ΔΕΔΟΜΕΝΩΝ\LRU_Cache_Project_Team_93\data_struct"/>
    <property name="os.arch" value="amd64"/>
    <property name="java.vm.specification.name" value="Java Virtual Machine Specification"/>
    <property name="sun.os.patch.level" value=""/>
    <property name="native.encoding" value="UTF-8"/>
    <property name="java.library.path" value="C:\Program Files\Java\jdk-20\bin;C:\Windows\Sun\Java\bin;C:\Windows\system32;C:\Windows;C:\Program Files\Common Files\Oracle\Java\javapath;C:\Windows\system32;C:\Windows;C:\Windows\System32\Wbem;C:\Windows\System32\WindowsPowerShell\v1.0\;C:\Windows\System32\OpenSSH\;C:\Program Files\NVIDIA Corporation\NVIDIA NvDLISR;C:\Program Files (x86)\NVIDIA Corporation\PhysX\Common;C:\Program Files\Microsoft SQL Server\150\Tools\Binn\;C:\Program Files\Java\jdk-20\bin;C:\Program Files\PuTTY\;C:\Users\georgekalo\apache-maven-3.9.6-bin\apache-maven-3.9.6\bin;C:\Program Files\Git\cmd;C:\Users\georgekalo\AppData\Local\Microsoft\WindowsApps;C:\Users\georgekalo\AppData\Local\Programs\Microsoft VS Code\bin;C:\Users\georgekalo\AppData\Local\GitHubDesktop\bin;."/>
    <property name="java.vm.info" value="mixed mode, sharing"/>
    <property name="stderr.encoding" value="UTF-8"/>
    <property name="java.vendor" value="Oracle Corporation"/>
    <property name="java.vm.version" value="20.0.1+9-29"/>
    <property name="sun.io.unicode.encoding" value="UnicodeLittle"/>
    <property name="java.class.version" value="64.0"/>
  </properties>
  <testcase name="testStressTestLFU" classname="georgekalo.LRUCacheTest" time="0.012"/>
  <testcase name="testStressTestLRU" classname="georgekalo.LRUCacheTest" time="0.001"/>
  <testcase name="testEdgeCases" classname="georgekalo.LRUCacheTest" time="0.001"/>
  <testcase name="testLRUBasicFunctionality" classname="georgekalo.LRUCacheTest" time="0.0"/>
  <testcase name="testMRUBasicFunctionality" classname="georgekalo.LRUCacheTest" time="0.0"/>
  <testcase name="testLFUBasicFunctionality" classname="georgekalo.LRUCacheTest" time="0.001"/>
</testsuite>